<?xml version="1.0" encoding="UTF-8"?>
<testsuite name="fiuba.RunFeatureTest" time="0.014" tests="48" errors="0" skipped="0" failures="0">
  <properties>
    <property name="java.runtime.name" value="Java(TM) SE Runtime Environment"/>
    <property name="sun.boot.library.path" value="/usr/lib/jvm/java-8-oracle/jre/lib/amd64"/>
    <property name="java.vm.version" value="25.131-b11"/>
    <property name="java.vm.vendor" value="Oracle Corporation"/>
    <property name="maven.multiModuleProjectDirectory" value="/home/alan/Aninfo/psa"/>
    <property name="java.vendor.url" value="http://java.oracle.com/"/>
    <property name="path.separator" value=":"/>
    <property name="guice.disable.misplaced.annotation.check" value="true"/>
    <property name="java.vm.name" value="Java HotSpot(TM) 64-Bit Server VM"/>
    <property name="file.encoding.pkg" value="sun.io"/>
    <property name="user.country" value="US"/>
    <property name="sun.java.launcher" value="SUN_STANDARD"/>
    <property name="sun.os.patch.level" value="unknown"/>
    <property name="java.vm.specification.name" value="Java Virtual Machine Specification"/>
    <property name="user.dir" value="/home/alan/Aninfo/psa"/>
    <property name="java.runtime.version" value="1.8.0_131-b11"/>
    <property name="java.awt.graphicsenv" value="sun.awt.X11GraphicsEnvironment"/>
    <property name="java.endorsed.dirs" value="/usr/lib/jvm/java-8-oracle/jre/lib/endorsed"/>
    <property name="os.arch" value="amd64"/>
    <property name="java.io.tmpdir" value="/tmp"/>
    <property name="line.separator" value="&#10;"/>
    <property name="java.vm.specification.vendor" value="Oracle Corporation"/>
    <property name="os.name" value="Linux"/>
    <property name="classworlds.conf" value="/usr/share/maven/bin/m2.conf"/>
    <property name="sun.jnu.encoding" value="UTF-8"/>
    <property name="java.library.path" value="/usr/java/packages/lib/amd64:/usr/lib64:/lib64:/lib:/usr/lib"/>
    <property name="java.specification.name" value="Java Platform API Specification"/>
    <property name="java.class.version" value="52.0"/>
    <property name="sun.management.compiler" value="HotSpot 64-Bit Tiered Compilers"/>
    <property name="os.version" value="4.4.0-79-generic"/>
    <property name="user.home" value="/home/alan"/>
    <property name="user.timezone" value="America/Argentina/Buenos_Aires"/>
    <property name="java.awt.printerjob" value="sun.print.PSPrinterJob"/>
    <property name="file.encoding" value="UTF-8"/>
    <property name="java.specification.version" value="1.8"/>
    <property name="user.name" value="alan"/>
    <property name="java.class.path" value="/usr/share/maven/boot/plexus-classworlds-2.x.jar"/>
    <property name="java.vm.specification.version" value="1.8"/>
    <property name="sun.arch.data.model" value="64"/>
    <property name="java.home" value="/usr/lib/jvm/java-8-oracle/jre"/>
    <property name="sun.java.command" value="org.codehaus.plexus.classworlds.launcher.Launcher test"/>
    <property name="java.specification.vendor" value="Oracle Corporation"/>
    <property name="user.language" value="en"/>
    <property name="awt.toolkit" value="sun.awt.X11.XToolkit"/>
    <property name="java.vm.info" value="mixed mode"/>
    <property name="java.version" value="1.8.0_131"/>
    <property name="java.ext.dirs" value="/usr/lib/jvm/java-8-oracle/jre/lib/ext:/usr/java/packages/lib/ext"/>
    <property name="securerandom.source" value="file:/dev/./urandom"/>
    <property name="sun.boot.class.path" value="/usr/lib/jvm/java-8-oracle/jre/lib/resources.jar:/usr/lib/jvm/java-8-oracle/jre/lib/rt.jar:/usr/lib/jvm/java-8-oracle/jre/lib/sunrsasign.jar:/usr/lib/jvm/java-8-oracle/jre/lib/jsse.jar:/usr/lib/jvm/java-8-oracle/jre/lib/jce.jar:/usr/lib/jvm/java-8-oracle/jre/lib/charsets.jar:/usr/lib/jvm/java-8-oracle/jre/lib/jfr.jar:/usr/lib/jvm/java-8-oracle/jre/classes"/>
    <property name="java.vendor" value="Oracle Corporation"/>
    <property name="maven.home" value="/usr/share/maven"/>
    <property name="file.separator" value="/"/>
    <property name="java.vendor.url.bug" value="http://bugreport.sun.com/bugreport/"/>
    <property name="sun.cpu.endian" value="little"/>
    <property name="sun.io.unicode.encoding" value="UnicodeLittle"/>
    <property name="sun.desktop" value="gnome"/>
    <property name="sun.cpu.isalist" value=""/>
  </properties>
  <testcase name="Dado que la tarea &quot;Tarea 1&quot; no tiene categoria" classname="Escenario: Asignar categoria a una tarea" time="0.001"/>
  <testcase name="Cuando le asigno una nueva categoria" classname="Escenario: Asignar categoria a una tarea" time="0"/>
  <testcase name="Entonces la tarea queda asignada a una nueva categoria" classname="Escenario: Asignar categoria a una tarea" time="0"/>
  <testcase name="Escenario: Asignar categoria a una tarea" classname="Escenario: Asignar categoria a una tarea" time="0.001"/>
  <testcase name="Dado que la tarea &quot;Tarea 2&quot; ya tiene una categoria" classname="Escenario: Asignar mas de una categoria a una tarea" time="0"/>
  <testcase name="Cuando le asigno una nueva categoria" classname="Escenario: Asignar mas de una categoria a una tarea" time="0"/>
  <testcase name="Entonces la tarea queda asignada con ambas categorias" classname="Escenario: Asignar mas de una categoria a una tarea" time="0"/>
  <testcase name="Escenario: Asignar mas de una categoria a una tarea" classname="Escenario: Asignar mas de una categoria a una tarea" time="0.001"/>
  <testcase name="Dado que la tarea &quot;Tarea 3&quot; tiene una categoria" classname="Escenario: Borro categoria de una tarea con categoria asignada" time="0"/>
  <testcase name="Cuando le borro la categoria" classname="Escenario: Borro categoria de una tarea con categoria asignada" time="0"/>
  <testcase name="Entonces la tarea queda sin categoria" classname="Escenario: Borro categoria de una tarea con categoria asignada" time="0"/>
  <testcase name="Escenario: Borro categoria de una tarea con categoria asignada" classname="Escenario: Borro categoria de una tarea con categoria asignada" time="0.001"/>
  <testcase name="Dado que la tarea &quot;Tarea 4&quot; no tiene una categoria" classname="Escenario: Borro categoria de una tarea sin categoria asignada" time="0"/>
  <testcase name="Cuando le borro la categoria" classname="Escenario: Borro categoria de una tarea sin categoria asignada" time="0.001"/>
  <testcase name="Entonces no permito borrar categoria" classname="Escenario: Borro categoria de una tarea sin categoria asignada" time="0"/>
  <testcase name="Escenario: Borro categoria de una tarea sin categoria asignada" classname="Escenario: Borro categoria de una tarea sin categoria asignada" time="0.002"/>
  <testcase name="Dado que exiten tareas asignadas a una categoria" classname="Escenario: Filtro por categoria existente" time="0"/>
  <testcase name="Cuando filtro por esa categoria" classname="Escenario: Filtro por categoria existente" time="0"/>
  <testcase name="Entonces tengo las tareas asignadas a esa categoria" classname="Escenario: Filtro por categoria existente" time="0"/>
  <testcase name="Escenario: Filtro por categoria existente" classname="Escenario: Filtro por categoria existente" time="0.001"/>
  <testcase name="Dado que no exiten tareas asignadas a una categoria" classname="Escenario: Filtro por categoria no existente" time="0"/>
  <testcase name="Cuando filtro por esa categoria" classname="Escenario: Filtro por categoria no existente" time="0"/>
  <testcase name="Entonces no tengo tareas filtradas" classname="Escenario: Filtro por categoria no existente" time="0"/>
  <testcase name="Escenario: Filtro por categoria no existente" classname="Escenario: Filtro por categoria no existente" time="0.001"/>
  <testcase name="Dado que la tarea &quot;Tarea 1&quot; no tiene persona asignada" classname="Escenario: Asignar persona a una tarea" time="0"/>
  <testcase name="Cuando le asigno una nueva persona" classname="Escenario: Asignar persona a una tarea" time="0"/>
  <testcase name="Entonces la tarea queda asignada a una nueva persona" classname="Escenario: Asignar persona a una tarea" time="0"/>
  <testcase name="Escenario: Asignar persona a una tarea" classname="Escenario: Asignar persona a una tarea" time="0.001"/>
  <testcase name="Dado que la tarea &quot;Tarea 2&quot; ya tiene una persona asignada" classname="Escenario: Asignar mas de una persona a una tarea" time="0"/>
  <testcase name="Cuando le asigno una nueva persona" classname="Escenario: Asignar mas de una persona a una tarea" time="0"/>
  <testcase name="Entonces la tarea queda asignada con ambas personas" classname="Escenario: Asignar mas de una persona a una tarea" time="0"/>
  <testcase name="Escenario: Asignar mas de una persona a una tarea" classname="Escenario: Asignar mas de una persona a una tarea" time="0.001"/>
  <testcase name="Dado que la tarea &quot;Tarea 3&quot; ya tiene una persona asignada" classname="Escenario: Borro persona asignada de una tarea con persona asignada" time="0"/>
  <testcase name="Cuando le borro la persona asignada" classname="Escenario: Borro persona asignada de una tarea con persona asignada" time="0"/>
  <testcase name="Entonces la tarea queda sin persona asignada" classname="Escenario: Borro persona asignada de una tarea con persona asignada" time="0"/>
  <testcase name="Escenario: Borro persona asignada de una tarea con persona asignada" classname="Escenario: Borro persona asignada de una tarea con persona asignada" time="0.001"/>
  <testcase name="Dado que la tarea &quot;Tarea 4&quot; no tiene una persona asignada" classname="Escenario: Borro persona asignada de una tarea sin persona asignada" time="0"/>
  <testcase name="Cuando le borro la persona asignada" classname="Escenario: Borro persona asignada de una tarea sin persona asignada" time="0"/>
  <testcase name="Entonces no permito borrar persona asignada" classname="Escenario: Borro persona asignada de una tarea sin persona asignada" time="0.001"/>
  <testcase name="Escenario: Borro persona asignada de una tarea sin persona asignada" classname="Escenario: Borro persona asignada de una tarea sin persona asignada" time="0.001"/>
  <testcase name="Dado que una persona tiene tareas asignadas" classname="Escenario: Persona con tareas asignadas ve sus tareas" time="0"/>
  <testcase name="Cuando quiere ver sus tareas asignadas" classname="Escenario: Persona con tareas asignadas ve sus tareas" time="0"/>
  <testcase name="Entonces muestro las tareas asignadas de esa persona" classname="Escenario: Persona con tareas asignadas ve sus tareas" time="0"/>
  <testcase name="Escenario: Persona con tareas asignadas ve sus tareas" classname="Escenario: Persona con tareas asignadas ve sus tareas" time="0"/>
  <testcase name="Dado que una persona no tiene tareas asignadas" classname="Escenario: Persona sin tareas asignadas no ve ninguna tarea" time="0"/>
  <testcase name="Cuando quiere ver sus tareas asignadas" classname="Escenario: Persona sin tareas asignadas no ve ninguna tarea" time="0"/>
  <testcase name="Entonces no muestro ninguna tarea" classname="Escenario: Persona sin tareas asignadas no ve ninguna tarea" time="0"/>
  <testcase name="Escenario: Persona sin tareas asignadas no ve ninguna tarea" classname="Escenario: Persona sin tareas asignadas no ve ninguna tarea" time="0"/>
</testsuite>